== Info:   Trying 127.0.0.1...
== Info: Connected to localhost (127.0.0.1) port 9999 (#0)
=> Send header, 172 bytes (0xac)
0000: POST /rfm/logic/api/pdfdownload HTTP/1.1
002a: Host: localhost:9999
0040: User-Agent: curl/7.43.0
0059: Accept: */*
0066: Content-Length: 5
0079: Content-Type: application/x-www-form-urlencoded
00aa: 
=> Send data, 5 bytes (0x5)
0000: id=19
== Info: upload completely sent off: 5 out of 5 bytes
<= Recv header, 17 bytes (0x11)
0000: HTTP/1.1 200 OK
<= Recv header, 80 bytes (0x50)
0000: Content-Disposition: attachment; filename*=''%E3%83%86%E3%82%B9%
0040: E3%83%88_2.pdf
<= Recv header, 31 bytes (0x1f)
0000: Content-Type: application/pdf
<= Recv header, 37 bytes (0x25)
0000: Date: Mon, 08 May 2017 08:12:40 GMT
<= Recv header, 20 bytes (0x14)
0000: Content-Length: 12
<= Recv header, 2 bytes (0x2)
0000: 
<= Recv data, 12 bytes (0xc)
0000: hello world!
== Info: Connection #0 to host localhost left intact
